1627711133200	geckodriver	INFO	Listening on 127.0.0.1:60052
1627711136248	mozrunner::runner	INFO	Running command: "C:\\Program Files\\Mozilla Firefox\\firefox.exe" "--marionette" "-foreground" "-no-remote" "-profile" "C:\\Users\\syalabi\\AppData\\Local\\Temp\\rust_mozprofileVsDrjX"
1627711136487	Marionette	INFO	Marionette enabled
console.warn: SearchSettings: "get: No settings file exists, new profile?" (new NotFoundError("Could not open the file at C:\\Users\\syalabi\\AppData\\Local\\Temp\\rust_mozprofileVsDrjX\\search.json.mozlz4", (void 0)))
1627711138104	Marionette	INFO	Listening on port 60061
1627711138308	Marionette	WARN	TLS certificate errors will be ignored for this session
1627711182738	Marionette	WARN	Ignoring event 'pageshow' because document has an invalid readyState of 'uninitialized'.
console.error: services.settings: 
  main/doh-providers Signature failed  InvalidSignatureError: Invalid content signature (main/doh-providers)
console.error: services.settings: 
  main/doh-providers local data was corrupted
console.warn: services.settings: main/doh-providers Signature verified failed. Retry from scratch
console.error: services.settings: 
  main/doh-config Signature failed  InvalidSignatureError: Invalid content signature (main/doh-config)
console.error: services.settings: 
  main/doh-config local data was corrupted
console.warn: services.settings: main/doh-config Signature verified failed. Retry from scratch
console.log: WebExtensions: reset-default-search: starting.
console.log: WebExtensions: reset-default-search: No addons in our list are installed.
1627716793815	Marionette	INFO	Stopped listening on port 60061

###!!! [Child][RunMessage] Error: Channel closing: too late to send/recv, messages will be lost

